


ARM Macro Assembler    Page 1 


    1 00000000         ;******************** (C) COPYRIGHT 2009 STMicroelectron
                       ics ********************
    2 00000000         ;* File Name          : startup_stm32f10x_md.s
    3 00000000         ;* Author             : MCD Application Team
    4 00000000         ;* Version            : V3.0.0
    5 00000000         ;* Date               : 04/06/2009
    6 00000000         ;* Description        : STM32F10x Medium Density Devices
                        vector table for RVMDK 
    7 00000000         ;*                      toolchain.  
    8 00000000         ;*                      This module performs:
    9 00000000         ;*                      - Set the initial SP
   10 00000000         ;*                      - Set the initial PC == Reset_Ha
                       ndler
   11 00000000         ;*                      - Set the vector table entries w
                       ith the exceptions ISR address
   12 00000000         ;*                      - Branches to __main in the C li
                       brary (which eventually
   13 00000000         ;*                        calls main()).
   14 00000000         ;*                      After Reset the CortexM3 process
                       or is in Thread mode,
   15 00000000         ;*                      priority is Privileged, and the 
                       Stack is set to Main.
   16 00000000         ;* <<< Use Configuration Wizard in Context Menu >>>   
   17 00000000         ;*******************************************************
                       ************************
   18 00000000         ; THE PRESENT FIRMWARE WHICH IS FOR GUIDANCE ONLY AIMS A
                       T PROVIDING CUSTOMERS
   19 00000000         ; WITH CODING INFORMATION REGARDING THEIR PRODUCTS IN OR
                       DER FOR THEM TO SAVE TIME.
   20 00000000         ; AS A RESULT, STMICROELECTRONICS SHALL NOT BE HELD LIAB
                       LE FOR ANY DIRECT,
   21 00000000         ; INDIRECT OR CONSEQUENTIAL DAMAGES WITH RESPECT TO ANY 
                       CLAIMS ARISING FROM THE
   22 00000000         ; CONTENT OF SUCH FIRMWARE AND/OR THE USE MADE BY CUSTOM
                       ERS OF THE CODING
   23 00000000         ; INFORMATION CONTAINED HEREIN IN CONNECTION WITH THEIR 
                       PRODUCTS.
   24 00000000         ;*******************************************************
                       ************************
   25 00000000         
   26 00000000         ; Amount of memory (in bytes) allocated for Stack
   27 00000000         ; Tailor this value to your application needs
   28 00000000         ; <h> Stack Configuration
   29 00000000         ;   <o> Stack Size (in Bytes) <0x0-0xFFFFFFFF:8>
   30 00000000         ; </h>
   31 00000000         
   32 00000000 00000200 
                       Stack_Size
                               EQU              0x00000200
   33 00000000         
   34 00000000                 AREA             STACK, NOINIT, READWRITE, ALIGN
=3
   35 00000000         Stack_Mem
                               SPACE            Stack_Size
   36 00000200         __initial_sp
   37 00000200         
   38 00000200         
   39 00000200         ; <h> Heap Configuration
   40 00000200         ;   <o>  Heap Size (in Bytes) <0x0-0xFFFFFFFF:8>



ARM Macro Assembler    Page 2 


   41 00000200         ; </h>
   42 00000200         
   43 00000200 00000000 
                       Heap_Size
                               EQU              0x00000000
   44 00000200         
   45 00000200                 AREA             HEAP, NOINIT, READWRITE, ALIGN=
3
   46 00000000         __heap_base
   47 00000000         Heap_Mem
                               SPACE            Heap_Size
   48 00000000         __heap_limit
   49 00000000         
   50 00000000                 PRESERVE8
   51 00000000                 THUMB
   52 00000000         
   53 00000000         
   54 00000000         ; Vector Table Mapped to Address 0 at Reset
   55 00000000         ;定义了一个名字RESET的数据段，内容保包含了中断向量表（此
                       处只有复位异常入口），只读
   56 00000000         ;定义了几个数据
   57 00000000         ;因为只读，下面的数据放在flash空间，按照代码顺序，会放在
                       flash开始的位置
   58 00000000         
   59 00000000                 AREA             RESET, DATA, READONLY
   60 00000000 00000000 
                       __Vectors
                               DCD              __initial_sp ; Top of Stack
   61 00000004 00000000        DCD              Reset_Handler ; Reset Handler  
                                                            
   62 00000008         
   63 00000008 00000011 
              22AABBCC 
              00000033 
              00000044 
              00000055 
              00000066 
              00000077 
              00000088 
              00000000 
              00000000 
              00000000 
              00000000 src     DCD              0x11,0x22aabbcc,0x33,0x44, 0x55
,0x66,0x77,0x88, 0x00,0x00,0x00,0x00
   64 00000038 00000011 
              00000022 
              00000033 
              00000044 
              00000055 
              00000066 
              00000077 
              00000088 
              00000099 
              000000AA src2    DCD              0x11,0x22,0x33,0x44,0x55,0x66,0
x77,0x88,0x99,0xAA
   65 00000060 12345678 
                       MY_NUMBER
                               DCD              0x12345678
   66 00000064 48 65 6C 



ARM Macro Assembler    Page 3 


              6C 6F 20 
              77 6F 72 
              6C 64 00 HELLO_TEXT
                               DCB              "Hello world",0
   67 00000070 E000E100 
                       NVIC_IRQ_STENO
                               EQU              0xE000E100
   68 00000070 00000001 
                       NVIC_IRQ0_ENABLE
                               EQU              0x1
   69 00000070 0000F000 
                       C       EQU              0x0000f000
   70 00000070         
   71 00000070         ;定义了一个名字为mydata的数据段，可读写
   72 00000070                 AREA             mydata, DATA ,readwrite
   73 00000000 00000000 
              00000000 
              00000000 
              00000000 
              00000000 
              00000000 
              00000000 
              00000000 
              00000000 
              00000000 dst     DCD              0,0,0,0,0,0,0,0,0,0
   74 00000028 E123E456 
                       const   EQU              0xe123e456
   75 00000028 00000000 
              00000000 
              00000000 
              00000000 Array2  DCD              0,0,0,0
   76 00000038         
   77 00000038         ;定义了一个代码段，在flash空间
   78 00000038                 AREA             |.text|, CODE, readonly
   79 00000000         ; Reset handler routine
   80 00000000         Reset_Handler
                               PROC
   81 00000000                 EXPORT           Reset_Handler             [WEAK
]
   82 00000000         
   83 00000000         
   84 00000000         
   85 00000000         ;示例
   86 00000000         
   87 00000000         ;LDR R1,=src  ; 
   88 00000000         ;LDR R4,=Array2
   89 00000000         ;LDR R2,[R1]
   90 00000000         ;LDR R3,[R1,#8] ;
   91 00000000         ;ADD R0,R2,R3
   92 00000000         ;STR R0,[R4,#32]   ;
   93 00000000         ;STOP
   94 00000000         ;B STOP 
   95 00000000         
   96 00000000         ;测试LDR和MOV传送立即数
   97 00000000         ;MOV R0,#12;
   98 00000000         ;MOV R1,#'A'
   99 00000000         
  100 00000000         ;LDR R0,=NVIC_IRQ_STENO
  101 00000000         ;MOV R1,#NVIC_IRQ0_ENABLE



ARM Macro Assembler    Page 4 


  102 00000000         ;STR R1,[R0]
  103 00000000 4819            LDR              R0,=src2
  104 00000002 491A            LDR              R1,=dst
  105 00000004 F04F 020A       MOV              R2,#10
  106 00000008         copy_loop
  107 00000008 6803            LDR              R3,[R0]
  108 0000000A         ;LDR R3,[R0],#4
  109 0000000A         ;LDR R3,[R1],#4
  110 0000000A         
  111 0000000A 600B            STR              R3,[R1]
  112 0000000C F101 0104       ADD              R1,R1,#4
  113 00000010 F100 0004       ADD              R0,R0,#4
  114 00000014 1E52            SUBS             R2,R2,#1
  115 00000016 D1F7            BNE              copy_loop
  116 00000018         
  117 00000018         ;冒泡排序
  118 00000018 4914            LDR              R1,=dst
  119 0000001A F04F 000A       MOV              R0,#10
  120 0000001E         
  121 0000001E         bubble_sort
  122 0000001E F04F 0600       MOV              R6,#0       ;标志位flag
  123 00000022 4602            MOV              R2,R0       ; 内层循坏计数器
  124 00000024 1E52            SUBS             R2,R2,#1    ;内层循环次数=n-1
  125 00000026 460B            MOV              R3,R1       ; R3 当前元素指针
  126 00000028         inner_loop
  127 00000028 681C            LDR              R4,[R3]
  128 0000002A 685D            LDR              R5,[R3,#4]
  129 0000002C 42AC            CMP              R4,R5
  130 0000002E DA03            BGE              no_swap
  131 00000030         
  132 00000030 601D            STR              R5,[R3]
  133 00000032 605C            STR              R4,[R3,#4]
  134 00000034 F04F 0601       MOV              R6,#1
  135 00000038         no_swap
  136 00000038 F103 0304       ADD              R3,R3,#4
  137 0000003C 1E52            SUBS             R2,R2,#1
  138 0000003E D1F3            BNE              inner_loop
  139 00000040         
  140 00000040 2E00            CMP              R6,#0
  141 00000042 D001            BEQ              sort_done
  142 00000044         
  143 00000044 1E40            SUBS             R0,R0,#1
  144 00000046 D1EA            BNE              bubble_sort
  145 00000048         
  146 00000048         sort_done
  147 00000048 E7FE            B                sort_done
  148 0000004A         
  149 0000004A         
  150 0000004A         
  151 0000004A         
  152 0000004A         
  153 0000004A         
  154 0000004A         
  155 0000004A         
  156 0000004A         
  157 0000004A         
  158 0000004A                 IMPORT           __main
  159 0000004A 4809            LDR              R0, =__main
  160 0000004C 4700            BX               R0



ARM Macro Assembler    Page 5 


  161 0000004E         
  162 0000004E         
  163 0000004E                 ENDP
  164 0000004E         
  165 0000004E         TEST_FUN1
                               PROC
  166 0000004E F04F 0812       MOV              R8,#0x12    ;
  167 00000052 4770            bx               LR          ;
  168 00000054                 ENDP
  169 00000054         
  170 00000054         
  171 00000054         
  172 00000054         ; Dummy Exception Handlers (infinite loops which can be 
                       modified)
  173 00000054         
  174 00000054         NMI_Handler
                               PROC
  175 00000054                 EXPORT           NMI_Handler                [WEA
K]
  176 00000054 E7FE            B                .
  177 00000056                 ENDP
  179 00000056         HardFault_Handler
                               PROC
  180 00000056                 EXPORT           HardFault_Handler          [WEA
K]
  181 00000056 E7FE            B                .
  182 00000058                 ENDP
  184 00000058         MemManage_Handler
                               PROC
  185 00000058                 EXPORT           MemManage_Handler          [WEA
K]
  186 00000058 E7FE            B                .
  187 0000005A                 ENDP
  189 0000005A         BusFault_Handler
                               PROC
  190 0000005A                 EXPORT           BusFault_Handler           [WEA
K]
  191 0000005A E7FE            B                .
  192 0000005C                 ENDP
  194 0000005C         UsageFault_Handler
                               PROC
  195 0000005C                 EXPORT           UsageFault_Handler         [WEA
K]
  196 0000005C E7FE            B                .
  197 0000005E                 ENDP
  198 0000005E         SVC_Handler
                               PROC
  199 0000005E                 EXPORT           SVC_Handler                [WEA
K]
  200 0000005E E7FE            B                .
  201 00000060                 ENDP
  203 00000060         DebugMon_Handler
                               PROC
  204 00000060                 EXPORT           DebugMon_Handler           [WEA
K]
  205 00000060 E7FE            B                .
  206 00000062                 ENDP
  207 00000062         PendSV_Handler
                               PROC



ARM Macro Assembler    Page 6 


  208 00000062                 EXPORT           PendSV_Handler             [WEA
K]
  209 00000062 E7FE            B                .
  210 00000064                 ENDP
  211 00000064         SysTick_Handler
                               PROC
  212 00000064                 EXPORT           SysTick_Handler            [WEA
K]
  213 00000064 E7FE            B                .
  214 00000066                 ENDP
  215 00000066         
  216 00000066         Default_Handler
                               PROC
  217 00000066         
  218 00000066                 EXPORT           WWDG_IRQHandler            [WEA
K]
  219 00000066                 EXPORT           PVD_IRQHandler             [WEA
K]
  220 00000066                 EXPORT           TAMPER_IRQHandler          [WEA
K]
  221 00000066                 EXPORT           RTC_IRQHandler             [WEA
K]
  222 00000066                 EXPORT           FLASH_IRQHandler           [WEA
K]
  223 00000066                 EXPORT           RCC_IRQHandler             [WEA
K]
  224 00000066                 EXPORT           EXTI0_IRQHandler           [WEA
K]
  225 00000066                 EXPORT           EXTI1_IRQHandler           [WEA
K]
  226 00000066                 EXPORT           EXTI2_IRQHandler           [WEA
K]
  227 00000066                 EXPORT           EXTI3_IRQHandler           [WEA
K]
  228 00000066                 EXPORT           EXTI4_IRQHandler           [WEA
K]
  229 00000066                 EXPORT           DMA1_Channel1_IRQHandler   [WEA
K]
  230 00000066                 EXPORT           DMA1_Channel2_IRQHandler   [WEA
K]
  231 00000066                 EXPORT           DMA1_Channel3_IRQHandler   [WEA
K]
  232 00000066                 EXPORT           DMA1_Channel4_IRQHandler   [WEA
K]
  233 00000066                 EXPORT           DMA1_Channel5_IRQHandler   [WEA
K]
  234 00000066                 EXPORT           DMA1_Channel6_IRQHandler   [WEA
K]
  235 00000066                 EXPORT           DMA1_Channel7_IRQHandler   [WEA
K]
  236 00000066                 EXPORT           ADC1_2_IRQHandler          [WEA
K]
  237 00000066                 EXPORT           USB_HP_CAN1_TX_IRQHandler  [WEA
K]
  238 00000066                 EXPORT           USB_LP_CAN1_RX0_IRQHandler [WEA
K]
  239 00000066                 EXPORT           CAN1_RX1_IRQHandler        [WEA
K]
  240 00000066                 EXPORT           CAN1_SCE_IRQHandler        [WEA



ARM Macro Assembler    Page 7 


K]
  241 00000066                 EXPORT           EXTI9_5_IRQHandler         [WEA
K]
  242 00000066                 EXPORT           TIM1_BRK_IRQHandler        [WEA
K]
  243 00000066                 EXPORT           TIM1_UP_IRQHandler         [WEA
K]
  244 00000066                 EXPORT           TIM1_TRG_COM_IRQHandler    [WEA
K]
  245 00000066                 EXPORT           TIM1_CC_IRQHandler         [WEA
K]
  246 00000066                 EXPORT           TIM2_IRQHandler            [WEA
K]
  247 00000066                 EXPORT           TIM3_IRQHandler            [WEA
K]
  248 00000066                 EXPORT           TIM4_IRQHandler            [WEA
K]
  249 00000066                 EXPORT           I2C1_EV_IRQHandler         [WEA
K]
  250 00000066                 EXPORT           I2C1_ER_IRQHandler         [WEA
K]
  251 00000066                 EXPORT           I2C2_EV_IRQHandler         [WEA
K]
  252 00000066                 EXPORT           I2C2_ER_IRQHandler         [WEA
K]
  253 00000066                 EXPORT           SPI1_IRQHandler            [WEA
K]
  254 00000066                 EXPORT           SPI2_IRQHandler            [WEA
K]
  255 00000066                 EXPORT           USART1_IRQHandler          [WEA
K]
  256 00000066                 EXPORT           USART2_IRQHandler          [WEA
K]
  257 00000066                 EXPORT           USART3_IRQHandler          [WEA
K]
  258 00000066                 EXPORT           EXTI15_10_IRQHandler       [WEA
K]
  259 00000066                 EXPORT           RTCAlarm_IRQHandler        [WEA
K]
  260 00000066                 EXPORT           USBWakeUp_IRQHandler       [WEA
K]
  261 00000066         
  262 00000066         WWDG_IRQHandler
  263 00000066         PVD_IRQHandler
  264 00000066         TAMPER_IRQHandler
  265 00000066         RTC_IRQHandler
  266 00000066         FLASH_IRQHandler
  267 00000066         RCC_IRQHandler
  268 00000066         EXTI0_IRQHandler
  269 00000066         EXTI1_IRQHandler
  270 00000066         EXTI2_IRQHandler
  271 00000066         EXTI3_IRQHandler
  272 00000066         EXTI4_IRQHandler
  273 00000066         DMA1_Channel1_IRQHandler
  274 00000066         DMA1_Channel2_IRQHandler
  275 00000066         DMA1_Channel3_IRQHandler
  276 00000066         DMA1_Channel4_IRQHandler
  277 00000066         DMA1_Channel5_IRQHandler
  278 00000066         DMA1_Channel6_IRQHandler



ARM Macro Assembler    Page 8 


  279 00000066         DMA1_Channel7_IRQHandler
  280 00000066         ADC1_2_IRQHandler
  281 00000066         USB_HP_CAN1_TX_IRQHandler
  282 00000066         USB_LP_CAN1_RX0_IRQHandler
  283 00000066         CAN1_RX1_IRQHandler
  284 00000066         CAN1_SCE_IRQHandler
  285 00000066         EXTI9_5_IRQHandler
  286 00000066         TIM1_BRK_IRQHandler
  287 00000066         TIM1_UP_IRQHandler
  288 00000066         TIM1_TRG_COM_IRQHandler
  289 00000066         TIM1_CC_IRQHandler
  290 00000066         TIM2_IRQHandler
  291 00000066         TIM3_IRQHandler
  292 00000066         TIM4_IRQHandler
  293 00000066         I2C1_EV_IRQHandler
  294 00000066         I2C1_ER_IRQHandler
  295 00000066         I2C2_EV_IRQHandler
  296 00000066         I2C2_ER_IRQHandler
  297 00000066         SPI1_IRQHandler
  298 00000066         SPI2_IRQHandler
  299 00000066         USART1_IRQHandler
  300 00000066         USART2_IRQHandler
  301 00000066         USART3_IRQHandler
  302 00000066         EXTI15_10_IRQHandler
  303 00000066         RTCAlarm_IRQHandler
  304 00000066         USBWakeUp_IRQHandler
  305 00000066         
  306 00000066 E7FE            B                .
  307 00000068         
  308 00000068                 ENDP
  309 00000068         
  310 00000068                 ALIGN
  311 00000068         
  312 00000068         ;*******************************************************
                       ************************
  313 00000068         ; User Stack and Heap initialization
  314 00000068         ;*******************************************************
                       ************************
  315 00000068                 IF               :DEF:__MICROLIB
  316 00000068         
  317 00000068                 EXPORT           __initial_sp
  318 00000068                 EXPORT           __heap_base
  319 00000068                 EXPORT           __heap_limit
  320 00000068         
  321 00000068                 ELSE
  336                          ENDIF
  337 00000068         
  338 00000068                 END
              00000000 
              00000000 
              00000000 
Command Line: --debug --xref --diag_suppress=9931 --cpu=Cortex-M3 --apcs=interw
ork --depend=.\obj\startup_stm32f10x_md.d -o.\obj\startup_stm32f10x_md.o -IF:\D
emo-asm\Project\EID-V2-all\RVMDK\RTE -ID:\MDK\ARM\PACK\ARM\CMSIS\4.5.0\CMSIS\In
clude -ID:\MDK\ARM\PACK\Keil\STM32F1xx_DFP\2.1.0\Device\Include --predefine="__
MICROLIB SETA 1" --predefine="__UVISION_VERSION SETA 521" --predefine="_RTE_ SE
TA 1" --predefine="STM32F10X_MD SETA 1" --list=.\list\startup_stm32f10x_md.lst 
..\..\..\Libraries\CMSIS\Core\CM3\startup\arm\startup_stm32f10x_md.s



ARM Macro Assembler    Page 1 Alphabetic symbol ordering
Relocatable symbols

STACK 00000000

Symbol: STACK
   Definitions
      At line 34 in file ..\..\..\Libraries\CMSIS\Core\CM3\startup\arm\startup_
stm32f10x_md.s
   Uses
      None
Comment: STACK unused
Stack_Mem 00000000

Symbol: Stack_Mem
   Definitions
      At line 35 in file ..\..\..\Libraries\CMSIS\Core\CM3\startup\arm\startup_
stm32f10x_md.s
   Uses
      None
Comment: Stack_Mem unused
__initial_sp 00000200

Symbol: __initial_sp
   Definitions
      At line 36 in file ..\..\..\Libraries\CMSIS\Core\CM3\startup\arm\startup_
stm32f10x_md.s
   Uses
      At line 60 in file ..\..\..\Libraries\CMSIS\Core\CM3\startup\arm\startup_
stm32f10x_md.s
      At line 317 in file ..\..\..\Libraries\CMSIS\Core\CM3\startup\arm\startup
_stm32f10x_md.s

3 symbols



ARM Macro Assembler    Page 1 Alphabetic symbol ordering
Relocatable symbols

HEAP 00000000

Symbol: HEAP
   Definitions
      At line 45 in file ..\..\..\Libraries\CMSIS\Core\CM3\startup\arm\startup_
stm32f10x_md.s
   Uses
      None
Comment: HEAP unused
Heap_Mem 00000000

Symbol: Heap_Mem
   Definitions
      At line 47 in file ..\..\..\Libraries\CMSIS\Core\CM3\startup\arm\startup_
stm32f10x_md.s
   Uses
      None
Comment: Heap_Mem unused
__heap_base 00000000

Symbol: __heap_base
   Definitions
      At line 46 in file ..\..\..\Libraries\CMSIS\Core\CM3\startup\arm\startup_
stm32f10x_md.s
   Uses
      At line 318 in file ..\..\..\Libraries\CMSIS\Core\CM3\startup\arm\startup
_stm32f10x_md.s
Comment: __heap_base used once
__heap_limit 00000000

Symbol: __heap_limit
   Definitions
      At line 48 in file ..\..\..\Libraries\CMSIS\Core\CM3\startup\arm\startup_
stm32f10x_md.s
   Uses
      At line 319 in file ..\..\..\Libraries\CMSIS\Core\CM3\startup\arm\startup
_stm32f10x_md.s
Comment: __heap_limit used once
4 symbols



ARM Macro Assembler    Page 1 Alphabetic symbol ordering
Relocatable symbols

HELLO_TEXT 00000064

Symbol: HELLO_TEXT
   Definitions
      At line 66 in file ..\..\..\Libraries\CMSIS\Core\CM3\startup\arm\startup_
stm32f10x_md.s
   Uses
      None
Comment: HELLO_TEXT unused
MY_NUMBER 00000060

Symbol: MY_NUMBER
   Definitions
      At line 65 in file ..\..\..\Libraries\CMSIS\Core\CM3\startup\arm\startup_
stm32f10x_md.s
   Uses
      None
Comment: MY_NUMBER unused
RESET 00000000

Symbol: RESET
   Definitions
      At line 59 in file ..\..\..\Libraries\CMSIS\Core\CM3\startup\arm\startup_
stm32f10x_md.s
   Uses
      None
Comment: RESET unused
__Vectors 00000000

Symbol: __Vectors
   Definitions
      At line 60 in file ..\..\..\Libraries\CMSIS\Core\CM3\startup\arm\startup_
stm32f10x_md.s
   Uses
      None
Comment: __Vectors unused
src 00000008

Symbol: src
   Definitions
      At line 63 in file ..\..\..\Libraries\CMSIS\Core\CM3\startup\arm\startup_
stm32f10x_md.s
   Uses
      None
Comment: src unused
src2 00000038

Symbol: src2
   Definitions
      At line 64 in file ..\..\..\Libraries\CMSIS\Core\CM3\startup\arm\startup_
stm32f10x_md.s
   Uses
      At line 103 in file ..\..\..\Libraries\CMSIS\Core\CM3\startup\arm\startup
_stm32f10x_md.s
Comment: src2 used once
6 symbols



ARM Macro Assembler    Page 1 Alphabetic symbol ordering
Relocatable symbols

Array2 00000028

Symbol: Array2
   Definitions
      At line 75 in file ..\..\..\Libraries\CMSIS\Core\CM3\startup\arm\startup_
stm32f10x_md.s
   Uses
      None
Comment: Array2 unused
dst 00000000

Symbol: dst
   Definitions
      At line 73 in file ..\..\..\Libraries\CMSIS\Core\CM3\startup\arm\startup_
stm32f10x_md.s
   Uses
      At line 104 in file ..\..\..\Libraries\CMSIS\Core\CM3\startup\arm\startup
_stm32f10x_md.s
      At line 118 in file ..\..\..\Libraries\CMSIS\Core\CM3\startup\arm\startup
_stm32f10x_md.s

mydata 00000000

Symbol: mydata
   Definitions
      At line 72 in file ..\..\..\Libraries\CMSIS\Core\CM3\startup\arm\startup_
stm32f10x_md.s
   Uses
      None
Comment: mydata unused
3 symbols



ARM Macro Assembler    Page 1 Alphabetic symbol ordering
Relocatable symbols

.text 00000000

Symbol: .text
   Definitions
      At line 78 in file ..\..\..\Libraries\CMSIS\Core\CM3\startup\arm\startup_
stm32f10x_md.s
   Uses
      None
Comment: .text unused
ADC1_2_IRQHandler 00000066

Symbol: ADC1_2_IRQHandler
   Definitions
      At line 280 in file ..\..\..\Libraries\CMSIS\Core\CM3\startup\arm\startup
_stm32f10x_md.s
   Uses
      At line 236 in file ..\..\..\Libraries\CMSIS\Core\CM3\startup\arm\startup
_stm32f10x_md.s
Comment: ADC1_2_IRQHandler used once
BusFault_Handler 0000005A

Symbol: BusFault_Handler
   Definitions
      At line 189 in file ..\..\..\Libraries\CMSIS\Core\CM3\startup\arm\startup
_stm32f10x_md.s
   Uses
      At line 190 in file ..\..\..\Libraries\CMSIS\Core\CM3\startup\arm\startup
_stm32f10x_md.s
Comment: BusFault_Handler used once
CAN1_RX1_IRQHandler 00000066

Symbol: CAN1_RX1_IRQHandler
   Definitions
      At line 283 in file ..\..\..\Libraries\CMSIS\Core\CM3\startup\arm\startup
_stm32f10x_md.s
   Uses
      At line 239 in file ..\..\..\Libraries\CMSIS\Core\CM3\startup\arm\startup
_stm32f10x_md.s
Comment: CAN1_RX1_IRQHandler used once
CAN1_SCE_IRQHandler 00000066

Symbol: CAN1_SCE_IRQHandler
   Definitions
      At line 284 in file ..\..\..\Libraries\CMSIS\Core\CM3\startup\arm\startup
_stm32f10x_md.s
   Uses
      At line 240 in file ..\..\..\Libraries\CMSIS\Core\CM3\startup\arm\startup
_stm32f10x_md.s
Comment: CAN1_SCE_IRQHandler used once
DMA1_Channel1_IRQHandler 00000066

Symbol: DMA1_Channel1_IRQHandler
   Definitions
      At line 273 in file ..\..\..\Libraries\CMSIS\Core\CM3\startup\arm\startup
_stm32f10x_md.s
   Uses
      At line 229 in file ..\..\..\Libraries\CMSIS\Core\CM3\startup\arm\startup
_stm32f10x_md.s
Comment: DMA1_Channel1_IRQHandler used once



ARM Macro Assembler    Page 2 Alphabetic symbol ordering
Relocatable symbols

DMA1_Channel2_IRQHandler 00000066

Symbol: DMA1_Channel2_IRQHandler
   Definitions
      At line 274 in file ..\..\..\Libraries\CMSIS\Core\CM3\startup\arm\startup
_stm32f10x_md.s
   Uses
      At line 230 in file ..\..\..\Libraries\CMSIS\Core\CM3\startup\arm\startup
_stm32f10x_md.s
Comment: DMA1_Channel2_IRQHandler used once
DMA1_Channel3_IRQHandler 00000066

Symbol: DMA1_Channel3_IRQHandler
   Definitions
      At line 275 in file ..\..\..\Libraries\CMSIS\Core\CM3\startup\arm\startup
_stm32f10x_md.s
   Uses
      At line 231 in file ..\..\..\Libraries\CMSIS\Core\CM3\startup\arm\startup
_stm32f10x_md.s
Comment: DMA1_Channel3_IRQHandler used once
DMA1_Channel4_IRQHandler 00000066

Symbol: DMA1_Channel4_IRQHandler
   Definitions
      At line 276 in file ..\..\..\Libraries\CMSIS\Core\CM3\startup\arm\startup
_stm32f10x_md.s
   Uses
      At line 232 in file ..\..\..\Libraries\CMSIS\Core\CM3\startup\arm\startup
_stm32f10x_md.s
Comment: DMA1_Channel4_IRQHandler used once
DMA1_Channel5_IRQHandler 00000066

Symbol: DMA1_Channel5_IRQHandler
   Definitions
      At line 277 in file ..\..\..\Libraries\CMSIS\Core\CM3\startup\arm\startup
_stm32f10x_md.s
   Uses
      At line 233 in file ..\..\..\Libraries\CMSIS\Core\CM3\startup\arm\startup
_stm32f10x_md.s
Comment: DMA1_Channel5_IRQHandler used once
DMA1_Channel6_IRQHandler 00000066

Symbol: DMA1_Channel6_IRQHandler
   Definitions
      At line 278 in file ..\..\..\Libraries\CMSIS\Core\CM3\startup\arm\startup
_stm32f10x_md.s
   Uses
      At line 234 in file ..\..\..\Libraries\CMSIS\Core\CM3\startup\arm\startup
_stm32f10x_md.s
Comment: DMA1_Channel6_IRQHandler used once
DMA1_Channel7_IRQHandler 00000066

Symbol: DMA1_Channel7_IRQHandler
   Definitions
      At line 279 in file ..\..\..\Libraries\CMSIS\Core\CM3\startup\arm\startup
_stm32f10x_md.s
   Uses
      At line 235 in file ..\..\..\Libraries\CMSIS\Core\CM3\startup\arm\startup
_stm32f10x_md.s



ARM Macro Assembler    Page 3 Alphabetic symbol ordering
Relocatable symbols

Comment: DMA1_Channel7_IRQHandler used once
DebugMon_Handler 00000060

Symbol: DebugMon_Handler
   Definitions
      At line 203 in file ..\..\..\Libraries\CMSIS\Core\CM3\startup\arm\startup
_stm32f10x_md.s
   Uses
      At line 204 in file ..\..\..\Libraries\CMSIS\Core\CM3\startup\arm\startup
_stm32f10x_md.s
Comment: DebugMon_Handler used once
Default_Handler 00000066

Symbol: Default_Handler
   Definitions
      At line 216 in file ..\..\..\Libraries\CMSIS\Core\CM3\startup\arm\startup
_stm32f10x_md.s
   Uses
      None
Comment: Default_Handler unused
EXTI0_IRQHandler 00000066

Symbol: EXTI0_IRQHandler
   Definitions
      At line 268 in file ..\..\..\Libraries\CMSIS\Core\CM3\startup\arm\startup
_stm32f10x_md.s
   Uses
      At line 224 in file ..\..\..\Libraries\CMSIS\Core\CM3\startup\arm\startup
_stm32f10x_md.s
Comment: EXTI0_IRQHandler used once
EXTI15_10_IRQHandler 00000066

Symbol: EXTI15_10_IRQHandler
   Definitions
      At line 302 in file ..\..\..\Libraries\CMSIS\Core\CM3\startup\arm\startup
_stm32f10x_md.s
   Uses
      At line 258 in file ..\..\..\Libraries\CMSIS\Core\CM3\startup\arm\startup
_stm32f10x_md.s
Comment: EXTI15_10_IRQHandler used once
EXTI1_IRQHandler 00000066

Symbol: EXTI1_IRQHandler
   Definitions
      At line 269 in file ..\..\..\Libraries\CMSIS\Core\CM3\startup\arm\startup
_stm32f10x_md.s
   Uses
      At line 225 in file ..\..\..\Libraries\CMSIS\Core\CM3\startup\arm\startup
_stm32f10x_md.s
Comment: EXTI1_IRQHandler used once
EXTI2_IRQHandler 00000066

Symbol: EXTI2_IRQHandler
   Definitions
      At line 270 in file ..\..\..\Libraries\CMSIS\Core\CM3\startup\arm\startup
_stm32f10x_md.s
   Uses
      At line 226 in file ..\..\..\Libraries\CMSIS\Core\CM3\startup\arm\startup
_stm32f10x_md.s



ARM Macro Assembler    Page 4 Alphabetic symbol ordering
Relocatable symbols

Comment: EXTI2_IRQHandler used once
EXTI3_IRQHandler 00000066

Symbol: EXTI3_IRQHandler
   Definitions
      At line 271 in file ..\..\..\Libraries\CMSIS\Core\CM3\startup\arm\startup
_stm32f10x_md.s
   Uses
      At line 227 in file ..\..\..\Libraries\CMSIS\Core\CM3\startup\arm\startup
_stm32f10x_md.s
Comment: EXTI3_IRQHandler used once
EXTI4_IRQHandler 00000066

Symbol: EXTI4_IRQHandler
   Definitions
      At line 272 in file ..\..\..\Libraries\CMSIS\Core\CM3\startup\arm\startup
_stm32f10x_md.s
   Uses
      At line 228 in file ..\..\..\Libraries\CMSIS\Core\CM3\startup\arm\startup
_stm32f10x_md.s
Comment: EXTI4_IRQHandler used once
EXTI9_5_IRQHandler 00000066

Symbol: EXTI9_5_IRQHandler
   Definitions
      At line 285 in file ..\..\..\Libraries\CMSIS\Core\CM3\startup\arm\startup
_stm32f10x_md.s
   Uses
      At line 241 in file ..\..\..\Libraries\CMSIS\Core\CM3\startup\arm\startup
_stm32f10x_md.s
Comment: EXTI9_5_IRQHandler used once
FLASH_IRQHandler 00000066

Symbol: FLASH_IRQHandler
   Definitions
      At line 266 in file ..\..\..\Libraries\CMSIS\Core\CM3\startup\arm\startup
_stm32f10x_md.s
   Uses
      At line 222 in file ..\..\..\Libraries\CMSIS\Core\CM3\startup\arm\startup
_stm32f10x_md.s
Comment: FLASH_IRQHandler used once
HardFault_Handler 00000056

Symbol: HardFault_Handler
   Definitions
      At line 179 in file ..\..\..\Libraries\CMSIS\Core\CM3\startup\arm\startup
_stm32f10x_md.s
   Uses
      At line 180 in file ..\..\..\Libraries\CMSIS\Core\CM3\startup\arm\startup
_stm32f10x_md.s
Comment: HardFault_Handler used once
I2C1_ER_IRQHandler 00000066

Symbol: I2C1_ER_IRQHandler
   Definitions
      At line 294 in file ..\..\..\Libraries\CMSIS\Core\CM3\startup\arm\startup
_stm32f10x_md.s
   Uses
      At line 250 in file ..\..\..\Libraries\CMSIS\Core\CM3\startup\arm\startup



ARM Macro Assembler    Page 5 Alphabetic symbol ordering
Relocatable symbols

_stm32f10x_md.s
Comment: I2C1_ER_IRQHandler used once
I2C1_EV_IRQHandler 00000066

Symbol: I2C1_EV_IRQHandler
   Definitions
      At line 293 in file ..\..\..\Libraries\CMSIS\Core\CM3\startup\arm\startup
_stm32f10x_md.s
   Uses
      At line 249 in file ..\..\..\Libraries\CMSIS\Core\CM3\startup\arm\startup
_stm32f10x_md.s
Comment: I2C1_EV_IRQHandler used once
I2C2_ER_IRQHandler 00000066

Symbol: I2C2_ER_IRQHandler
   Definitions
      At line 296 in file ..\..\..\Libraries\CMSIS\Core\CM3\startup\arm\startup
_stm32f10x_md.s
   Uses
      At line 252 in file ..\..\..\Libraries\CMSIS\Core\CM3\startup\arm\startup
_stm32f10x_md.s
Comment: I2C2_ER_IRQHandler used once
I2C2_EV_IRQHandler 00000066

Symbol: I2C2_EV_IRQHandler
   Definitions
      At line 295 in file ..\..\..\Libraries\CMSIS\Core\CM3\startup\arm\startup
_stm32f10x_md.s
   Uses
      At line 251 in file ..\..\..\Libraries\CMSIS\Core\CM3\startup\arm\startup
_stm32f10x_md.s
Comment: I2C2_EV_IRQHandler used once
MemManage_Handler 00000058

Symbol: MemManage_Handler
   Definitions
      At line 184 in file ..\..\..\Libraries\CMSIS\Core\CM3\startup\arm\startup
_stm32f10x_md.s
   Uses
      At line 185 in file ..\..\..\Libraries\CMSIS\Core\CM3\startup\arm\startup
_stm32f10x_md.s
Comment: MemManage_Handler used once
NMI_Handler 00000054

Symbol: NMI_Handler
   Definitions
      At line 174 in file ..\..\..\Libraries\CMSIS\Core\CM3\startup\arm\startup
_stm32f10x_md.s
   Uses
      At line 175 in file ..\..\..\Libraries\CMSIS\Core\CM3\startup\arm\startup
_stm32f10x_md.s
Comment: NMI_Handler used once
PVD_IRQHandler 00000066

Symbol: PVD_IRQHandler
   Definitions
      At line 263 in file ..\..\..\Libraries\CMSIS\Core\CM3\startup\arm\startup
_stm32f10x_md.s
   Uses



ARM Macro Assembler    Page 6 Alphabetic symbol ordering
Relocatable symbols

      At line 219 in file ..\..\..\Libraries\CMSIS\Core\CM3\startup\arm\startup
_stm32f10x_md.s
Comment: PVD_IRQHandler used once
PendSV_Handler 00000062

Symbol: PendSV_Handler
   Definitions
      At line 207 in file ..\..\..\Libraries\CMSIS\Core\CM3\startup\arm\startup
_stm32f10x_md.s
   Uses
      At line 208 in file ..\..\..\Libraries\CMSIS\Core\CM3\startup\arm\startup
_stm32f10x_md.s
Comment: PendSV_Handler used once
RCC_IRQHandler 00000066

Symbol: RCC_IRQHandler
   Definitions
      At line 267 in file ..\..\..\Libraries\CMSIS\Core\CM3\startup\arm\startup
_stm32f10x_md.s
   Uses
      At line 223 in file ..\..\..\Libraries\CMSIS\Core\CM3\startup\arm\startup
_stm32f10x_md.s
Comment: RCC_IRQHandler used once
RTCAlarm_IRQHandler 00000066

Symbol: RTCAlarm_IRQHandler
   Definitions
      At line 303 in file ..\..\..\Libraries\CMSIS\Core\CM3\startup\arm\startup
_stm32f10x_md.s
   Uses
      At line 259 in file ..\..\..\Libraries\CMSIS\Core\CM3\startup\arm\startup
_stm32f10x_md.s
Comment: RTCAlarm_IRQHandler used once
RTC_IRQHandler 00000066

Symbol: RTC_IRQHandler
   Definitions
      At line 265 in file ..\..\..\Libraries\CMSIS\Core\CM3\startup\arm\startup
_stm32f10x_md.s
   Uses
      At line 221 in file ..\..\..\Libraries\CMSIS\Core\CM3\startup\arm\startup
_stm32f10x_md.s
Comment: RTC_IRQHandler used once
Reset_Handler 00000000

Symbol: Reset_Handler
   Definitions
      At line 80 in file ..\..\..\Libraries\CMSIS\Core\CM3\startup\arm\startup_
stm32f10x_md.s
   Uses
      At line 61 in file ..\..\..\Libraries\CMSIS\Core\CM3\startup\arm\startup_
stm32f10x_md.s
      At line 81 in file ..\..\..\Libraries\CMSIS\Core\CM3\startup\arm\startup_
stm32f10x_md.s

SPI1_IRQHandler 00000066

Symbol: SPI1_IRQHandler
   Definitions



ARM Macro Assembler    Page 7 Alphabetic symbol ordering
Relocatable symbols

      At line 297 in file ..\..\..\Libraries\CMSIS\Core\CM3\startup\arm\startup
_stm32f10x_md.s
   Uses
      At line 253 in file ..\..\..\Libraries\CMSIS\Core\CM3\startup\arm\startup
_stm32f10x_md.s
Comment: SPI1_IRQHandler used once
SPI2_IRQHandler 00000066

Symbol: SPI2_IRQHandler
   Definitions
      At line 298 in file ..\..\..\Libraries\CMSIS\Core\CM3\startup\arm\startup
_stm32f10x_md.s
   Uses
      At line 254 in file ..\..\..\Libraries\CMSIS\Core\CM3\startup\arm\startup
_stm32f10x_md.s
Comment: SPI2_IRQHandler used once
SVC_Handler 0000005E

Symbol: SVC_Handler
   Definitions
      At line 198 in file ..\..\..\Libraries\CMSIS\Core\CM3\startup\arm\startup
_stm32f10x_md.s
   Uses
      At line 199 in file ..\..\..\Libraries\CMSIS\Core\CM3\startup\arm\startup
_stm32f10x_md.s
Comment: SVC_Handler used once
SysTick_Handler 00000064

Symbol: SysTick_Handler
   Definitions
      At line 211 in file ..\..\..\Libraries\CMSIS\Core\CM3\startup\arm\startup
_stm32f10x_md.s
   Uses
      At line 212 in file ..\..\..\Libraries\CMSIS\Core\CM3\startup\arm\startup
_stm32f10x_md.s
Comment: SysTick_Handler used once
TAMPER_IRQHandler 00000066

Symbol: TAMPER_IRQHandler
   Definitions
      At line 264 in file ..\..\..\Libraries\CMSIS\Core\CM3\startup\arm\startup
_stm32f10x_md.s
   Uses
      At line 220 in file ..\..\..\Libraries\CMSIS\Core\CM3\startup\arm\startup
_stm32f10x_md.s
Comment: TAMPER_IRQHandler used once
TEST_FUN1 0000004E

Symbol: TEST_FUN1
   Definitions
      At line 165 in file ..\..\..\Libraries\CMSIS\Core\CM3\startup\arm\startup
_stm32f10x_md.s
   Uses
      None
Comment: TEST_FUN1 unused
TIM1_BRK_IRQHandler 00000066

Symbol: TIM1_BRK_IRQHandler
   Definitions



ARM Macro Assembler    Page 8 Alphabetic symbol ordering
Relocatable symbols

      At line 286 in file ..\..\..\Libraries\CMSIS\Core\CM3\startup\arm\startup
_stm32f10x_md.s
   Uses
      At line 242 in file ..\..\..\Libraries\CMSIS\Core\CM3\startup\arm\startup
_stm32f10x_md.s
Comment: TIM1_BRK_IRQHandler used once
TIM1_CC_IRQHandler 00000066

Symbol: TIM1_CC_IRQHandler
   Definitions
      At line 289 in file ..\..\..\Libraries\CMSIS\Core\CM3\startup\arm\startup
_stm32f10x_md.s
   Uses
      At line 245 in file ..\..\..\Libraries\CMSIS\Core\CM3\startup\arm\startup
_stm32f10x_md.s
Comment: TIM1_CC_IRQHandler used once
TIM1_TRG_COM_IRQHandler 00000066

Symbol: TIM1_TRG_COM_IRQHandler
   Definitions
      At line 288 in file ..\..\..\Libraries\CMSIS\Core\CM3\startup\arm\startup
_stm32f10x_md.s
   Uses
      At line 244 in file ..\..\..\Libraries\CMSIS\Core\CM3\startup\arm\startup
_stm32f10x_md.s
Comment: TIM1_TRG_COM_IRQHandler used once
TIM1_UP_IRQHandler 00000066

Symbol: TIM1_UP_IRQHandler
   Definitions
      At line 287 in file ..\..\..\Libraries\CMSIS\Core\CM3\startup\arm\startup
_stm32f10x_md.s
   Uses
      At line 243 in file ..\..\..\Libraries\CMSIS\Core\CM3\startup\arm\startup
_stm32f10x_md.s
Comment: TIM1_UP_IRQHandler used once
TIM2_IRQHandler 00000066

Symbol: TIM2_IRQHandler
   Definitions
      At line 290 in file ..\..\..\Libraries\CMSIS\Core\CM3\startup\arm\startup
_stm32f10x_md.s
   Uses
      At line 246 in file ..\..\..\Libraries\CMSIS\Core\CM3\startup\arm\startup
_stm32f10x_md.s
Comment: TIM2_IRQHandler used once
TIM3_IRQHandler 00000066

Symbol: TIM3_IRQHandler
   Definitions
      At line 291 in file ..\..\..\Libraries\CMSIS\Core\CM3\startup\arm\startup
_stm32f10x_md.s
   Uses
      At line 247 in file ..\..\..\Libraries\CMSIS\Core\CM3\startup\arm\startup
_stm32f10x_md.s
Comment: TIM3_IRQHandler used once
TIM4_IRQHandler 00000066

Symbol: TIM4_IRQHandler



ARM Macro Assembler    Page 9 Alphabetic symbol ordering
Relocatable symbols

   Definitions
      At line 292 in file ..\..\..\Libraries\CMSIS\Core\CM3\startup\arm\startup
_stm32f10x_md.s
   Uses
      At line 248 in file ..\..\..\Libraries\CMSIS\Core\CM3\startup\arm\startup
_stm32f10x_md.s
Comment: TIM4_IRQHandler used once
USART1_IRQHandler 00000066

Symbol: USART1_IRQHandler
   Definitions
      At line 299 in file ..\..\..\Libraries\CMSIS\Core\CM3\startup\arm\startup
_stm32f10x_md.s
   Uses
      At line 255 in file ..\..\..\Libraries\CMSIS\Core\CM3\startup\arm\startup
_stm32f10x_md.s
Comment: USART1_IRQHandler used once
USART2_IRQHandler 00000066

Symbol: USART2_IRQHandler
   Definitions
      At line 300 in file ..\..\..\Libraries\CMSIS\Core\CM3\startup\arm\startup
_stm32f10x_md.s
   Uses
      At line 256 in file ..\..\..\Libraries\CMSIS\Core\CM3\startup\arm\startup
_stm32f10x_md.s
Comment: USART2_IRQHandler used once
USART3_IRQHandler 00000066

Symbol: USART3_IRQHandler
   Definitions
      At line 301 in file ..\..\..\Libraries\CMSIS\Core\CM3\startup\arm\startup
_stm32f10x_md.s
   Uses
      At line 257 in file ..\..\..\Libraries\CMSIS\Core\CM3\startup\arm\startup
_stm32f10x_md.s
Comment: USART3_IRQHandler used once
USBWakeUp_IRQHandler 00000066

Symbol: USBWakeUp_IRQHandler
   Definitions
      At line 304 in file ..\..\..\Libraries\CMSIS\Core\CM3\startup\arm\startup
_stm32f10x_md.s
   Uses
      At line 260 in file ..\..\..\Libraries\CMSIS\Core\CM3\startup\arm\startup
_stm32f10x_md.s
Comment: USBWakeUp_IRQHandler used once
USB_HP_CAN1_TX_IRQHandler 00000066

Symbol: USB_HP_CAN1_TX_IRQHandler
   Definitions
      At line 281 in file ..\..\..\Libraries\CMSIS\Core\CM3\startup\arm\startup
_stm32f10x_md.s
   Uses
      At line 237 in file ..\..\..\Libraries\CMSIS\Core\CM3\startup\arm\startup
_stm32f10x_md.s
Comment: USB_HP_CAN1_TX_IRQHandler used once
USB_LP_CAN1_RX0_IRQHandler 00000066




ARM Macro Assembler    Page 10 Alphabetic symbol ordering
Relocatable symbols

Symbol: USB_LP_CAN1_RX0_IRQHandler
   Definitions
      At line 282 in file ..\..\..\Libraries\CMSIS\Core\CM3\startup\arm\startup
_stm32f10x_md.s
   Uses
      At line 238 in file ..\..\..\Libraries\CMSIS\Core\CM3\startup\arm\startup
_stm32f10x_md.s
Comment: USB_LP_CAN1_RX0_IRQHandler used once
UsageFault_Handler 0000005C

Symbol: UsageFault_Handler
   Definitions
      At line 194 in file ..\..\..\Libraries\CMSIS\Core\CM3\startup\arm\startup
_stm32f10x_md.s
   Uses
      At line 195 in file ..\..\..\Libraries\CMSIS\Core\CM3\startup\arm\startup
_stm32f10x_md.s
Comment: UsageFault_Handler used once
WWDG_IRQHandler 00000066

Symbol: WWDG_IRQHandler
   Definitions
      At line 262 in file ..\..\..\Libraries\CMSIS\Core\CM3\startup\arm\startup
_stm32f10x_md.s
   Uses
      At line 218 in file ..\..\..\Libraries\CMSIS\Core\CM3\startup\arm\startup
_stm32f10x_md.s
Comment: WWDG_IRQHandler used once
bubble_sort 0000001E

Symbol: bubble_sort
   Definitions
      At line 121 in file ..\..\..\Libraries\CMSIS\Core\CM3\startup\arm\startup
_stm32f10x_md.s
   Uses
      At line 144 in file ..\..\..\Libraries\CMSIS\Core\CM3\startup\arm\startup
_stm32f10x_md.s
Comment: bubble_sort used once
copy_loop 00000008

Symbol: copy_loop
   Definitions
      At line 106 in file ..\..\..\Libraries\CMSIS\Core\CM3\startup\arm\startup
_stm32f10x_md.s
   Uses
      At line 115 in file ..\..\..\Libraries\CMSIS\Core\CM3\startup\arm\startup
_stm32f10x_md.s
Comment: copy_loop used once
inner_loop 00000028

Symbol: inner_loop
   Definitions
      At line 126 in file ..\..\..\Libraries\CMSIS\Core\CM3\startup\arm\startup
_stm32f10x_md.s
   Uses
      At line 138 in file ..\..\..\Libraries\CMSIS\Core\CM3\startup\arm\startup
_stm32f10x_md.s
Comment: inner_loop used once
no_swap 00000038



ARM Macro Assembler    Page 11 Alphabetic symbol ordering
Relocatable symbols


Symbol: no_swap
   Definitions
      At line 135 in file ..\..\..\Libraries\CMSIS\Core\CM3\startup\arm\startup
_stm32f10x_md.s
   Uses
      At line 130 in file ..\..\..\Libraries\CMSIS\Core\CM3\startup\arm\startup
_stm32f10x_md.s
Comment: no_swap used once
sort_done 00000048

Symbol: sort_done
   Definitions
      At line 146 in file ..\..\..\Libraries\CMSIS\Core\CM3\startup\arm\startup
_stm32f10x_md.s
   Uses
      At line 141 in file ..\..\..\Libraries\CMSIS\Core\CM3\startup\arm\startup
_stm32f10x_md.s
      At line 147 in file ..\..\..\Libraries\CMSIS\Core\CM3\startup\arm\startup
_stm32f10x_md.s

61 symbols



ARM Macro Assembler    Page 1 Alphabetic symbol ordering
Absolute symbols

C 0000F000

Symbol: C
   Definitions
      At line 69 in file ..\..\..\Libraries\CMSIS\Core\CM3\startup\arm\startup_
stm32f10x_md.s
   Uses
      None
Comment: C unused
Heap_Size 00000000

Symbol: Heap_Size
   Definitions
      At line 43 in file ..\..\..\Libraries\CMSIS\Core\CM3\startup\arm\startup_
stm32f10x_md.s
   Uses
      At line 47 in file ..\..\..\Libraries\CMSIS\Core\CM3\startup\arm\startup_
stm32f10x_md.s
Comment: Heap_Size used once
NVIC_IRQ0_ENABLE 00000001

Symbol: NVIC_IRQ0_ENABLE
   Definitions
      At line 68 in file ..\..\..\Libraries\CMSIS\Core\CM3\startup\arm\startup_
stm32f10x_md.s
   Uses
      None
Comment: NVIC_IRQ0_ENABLE unused
NVIC_IRQ_STENO E000E100

Symbol: NVIC_IRQ_STENO
   Definitions
      At line 67 in file ..\..\..\Libraries\CMSIS\Core\CM3\startup\arm\startup_
stm32f10x_md.s
   Uses
      None
Comment: NVIC_IRQ_STENO unused
Stack_Size 00000200

Symbol: Stack_Size
   Definitions
      At line 32 in file ..\..\..\Libraries\CMSIS\Core\CM3\startup\arm\startup_
stm32f10x_md.s
   Uses
      At line 35 in file ..\..\..\Libraries\CMSIS\Core\CM3\startup\arm\startup_
stm32f10x_md.s
Comment: Stack_Size used once
const E123E456

Symbol: const
   Definitions
      At line 74 in file ..\..\..\Libraries\CMSIS\Core\CM3\startup\arm\startup_
stm32f10x_md.s
   Uses
      None
Comment: const unused
6 symbols



ARM Macro Assembler    Page 1 Alphabetic symbol ordering
External symbols

__main 00000000

Symbol: __main
   Definitions
      At line 158 in file ..\..\..\Libraries\CMSIS\Core\CM3\startup\arm\startup
_stm32f10x_md.s
   Uses
      At line 159 in file ..\..\..\Libraries\CMSIS\Core\CM3\startup\arm\startup
_stm32f10x_md.s
Comment: __main used once
1 symbol
420 symbols in table
