


ARM Macro Assembler    Page 1 


    1 00000000         ;******************** (C) COPYRIGHT 2009 STMicroelectron
                       ics ********************
    2 00000000         ;* File Name          : startup_stm32f10x_md.s
    3 00000000         ;* Author             : MCD Application Team
    4 00000000         ;* Version            : V3.0.0
    5 00000000         ;* Date               : 04/06/2009
    6 00000000         ;* Description        : STM32F10x Medium Density Devices
                        vector table for RVMDK 
    7 00000000         ;*                      toolchain.  
    8 00000000         ;*                      This module performs:
    9 00000000         ;*                      - Set the initial SP
   10 00000000         ;*                      - Set the initial PC == Reset_Ha
                       ndler
   11 00000000         ;*                      - Set the vector table entries w
                       ith the exceptions ISR address
   12 00000000         ;*                      - Branches to __main in the C li
                       brary (which eventually
   13 00000000         ;*                        calls main()).
   14 00000000         ;*                      After Reset the CortexM3 process
                       or is in Thread mode,
   15 00000000         ;*                      priority is Privileged, and the 
                       Stack is set to Main.
   16 00000000         ;* <<< Use Configuration Wizard in Context Menu >>>   
   17 00000000         ;*******************************************************
                       ************************
   18 00000000         ; THE PRESENT FIRMWARE WHICH IS FOR GUIDANCE ONLY AIMS A
                       T PROVIDING CUSTOMERS
   19 00000000         ; WITH CODING INFORMATION REGARDING THEIR PRODUCTS IN OR
                       DER FOR THEM TO SAVE TIME.
   20 00000000         ; AS A RESULT, STMICROELECTRONICS SHALL NOT BE HELD LIAB
                       LE FOR ANY DIRECT,
   21 00000000         ; INDIRECT OR CONSEQUENTIAL DAMAGES WITH RESPECT TO ANY 
                       CLAIMS ARISING FROM THE
   22 00000000         ; CONTENT OF SUCH FIRMWARE AND/OR THE USE MADE BY CUSTOM
                       ERS OF THE CODING
   23 00000000         ; INFORMATION CONTAINED HEREIN IN CONNECTION WITH THEIR 
                       PRODUCTS.
   24 00000000         ;*******************************************************
                       ************************
   25 00000000         
   26 00000000         ; Amount of memory (in bytes) allocated for Stack
   27 00000000         ; Tailor this value to your application needs
   28 00000000         ; <h> Stack Configuration
   29 00000000         ;   <o> Stack Size (in Bytes) <0x0-0xFFFFFFFF:8>
   30 00000000         ; </h>
   31 00000000         
   32 00000000 00000200 
                       Stack_Size
                               EQU              0x00000200
   33 00000000         
   34 00000000                 AREA             STACK, NOINIT, READWRITE, ALIGN
=3
   35 00000000         Stack_Mem
                               SPACE            Stack_Size
   36 00000200         __initial_sp
   37 00000200         
   38 00000200         
   39 00000200         ; <h> Heap Configuration
   40 00000200         ;   <o>  Heap Size (in Bytes) <0x0-0xFFFFFFFF:8>



ARM Macro Assembler    Page 2 


   41 00000200         ; </h>
   42 00000200         
   43 00000200 00000000 
                       Heap_Size
                               EQU              0x00000000
   44 00000200         
   45 00000200                 AREA             HEAP, NOINIT, READWRITE, ALIGN=
3
   46 00000000         __heap_base
   47 00000000         Heap_Mem
                               SPACE            Heap_Size
   48 00000000         __heap_limit
   49 00000000         
   50 00000000                 PRESERVE8
   51 00000000                 THUMB
   52 00000000         
   53 00000000         
   54 00000000         ; Vector Table Mapped to Address 0 at Reset
   55 00000000                 AREA             RESET, DATA, READONLY
   56 00000000 00000000 
                       __Vectors
                               DCD              __initial_sp ; Top of Stack
   57 00000004 00000000        DCD              Reset_Handler 
                                                            ; Reset Handler    
                                                            
   58 00000008 00000001 
              00000002 
              00000003 
              00000004 
              00000005 
              00000006 
              00000007 
              00000008 
              00000009 
              0000000A src     DCD              1,2,3,4,5,6,7,8,9,10
   59 00000030         
   60 00000030         
   61 00000030                 AREA             mydata, DATA
   62 00000000         
   63 00000000 00000000 
              00000000 
              00000000 
              00000000 
              00000000 
              00000000 
              00000000 
              00000000 
              00000000 
              00000000 dst     DCD              0,0,0,0,0,0,0,0,0,0
   64 00000028         
   65 00000028                 AREA             |.text|, CODE, READONLY
   66 00000000         
   67 00000000         ; Reset handler routine
   68 00000000         Reset_Handler
                               PROC
   69 00000000                 EXPORT           Reset_Handler             [WEAK
]
   70 00000000         
   71 00000000         



ARM Macro Assembler    Page 3 


   72 00000000         
   73 00000000         
   74 00000000 4811            LDR              r0, =src
   75 00000002         
   76 00000002         
   77 00000002 4F12            LDR              R7,=dst     ; 
   78 00000004         
   79 00000004         
   80 00000004 F04F 0300       MOV              R3,#0
   81 00000008 F103 0404       ADD              R4,R3,#4    ;
   82 0000000C         
   83 0000000C         LOOP
   84 0000000C 58C1            LDR              R1,[R0,R3]  ;
   85 0000000E 5902            LDR              R2,[R0,R4]  ;
   86 00000010 4291            CMP              R1,R2
   87 00000012 DCFB            BGT              LOOP
   88 00000014 460D            MOV              R5,R1
   89 00000016 4611            MOV              R1,R2
   90 00000018 462A            MOV              R2,R5
   91 0000001A 50F9            STR              R1,[R7,R3]
   92 0000001C 513A            STR              R2,[R7,R4]
   93 0000001E F103 0304       ADD              R3,#4
   94 00000022 F104 0404       ADD.W            R4,#4
   95 00000026 2B24            CMP              R3,#36
   96 00000028 DBF0            BLT              LOOP
   97 0000002A F04F 0300       MOV              R3,#0
   98 0000002E F04F 0404       MOV              R4,#4
   99 00000032 E7EB            B                LOOP
  100 00000034         
  101 00000034                 ENDP
  102 00000034         
  103 00000034         ; Dummy Exception Handlers (infinite loops which can be 
                       modified)
  104 00000034         
  105 00000034         NMI_Handler
                               PROC
  106 00000034                 EXPORT           NMI_Handler                [WEA
K]
  107 00000034 E7FE            B                .
  108 00000036                 ENDP
  110 00000036         HardFault_Handler
                               PROC
  111 00000036                 EXPORT           HardFault_Handler          [WEA
K]
  112 00000036 E7FE            B                .
  113 00000038                 ENDP
  115 00000038         MemManage_Handler
                               PROC
  116 00000038                 EXPORT           MemManage_Handler          [WEA
K]
  117 00000038 E7FE            B                .
  118 0000003A                 ENDP
  120 0000003A         BusFault_Handler
                               PROC
  121 0000003A                 EXPORT           BusFault_Handler           [WEA
K]
  122 0000003A E7FE            B                .
  123 0000003C                 ENDP
  125 0000003C         UsageFault_Handler



ARM Macro Assembler    Page 4 


                               PROC
  126 0000003C                 EXPORT           UsageFault_Handler         [WEA
K]
  127 0000003C E7FE            B                .
  128 0000003E                 ENDP
  129 0000003E         SVC_Handler
                               PROC
  130 0000003E                 EXPORT           SVC_Handler                [WEA
K]
  131 0000003E E7FE            B                .
  132 00000040                 ENDP
  134 00000040         DebugMon_Handler
                               PROC
  135 00000040                 EXPORT           DebugMon_Handler           [WEA
K]
  136 00000040 E7FE            B                .
  137 00000042                 ENDP
  138 00000042         PendSV_Handler
                               PROC
  139 00000042                 EXPORT           PendSV_Handler             [WEA
K]
  140 00000042 E7FE            B                .
  141 00000044                 ENDP
  142 00000044         SysTick_Handler
                               PROC
  143 00000044                 EXPORT           SysTick_Handler            [WEA
K]
  144 00000044 E7FE            B                .
  145 00000046                 ENDP
  146 00000046         
  147 00000046         Default_Handler
                               PROC
  148 00000046         
  149 00000046                 EXPORT           WWDG_IRQHandler            [WEA
K]
  150 00000046                 EXPORT           PVD_IRQHandler             [WEA
K]
  151 00000046                 EXPORT           TAMPER_IRQHandler          [WEA
K]
  152 00000046                 EXPORT           RTC_IRQHandler             [WEA
K]
  153 00000046                 EXPORT           FLASH_IRQHandler           [WEA
K]
  154 00000046                 EXPORT           RCC_IRQHandler             [WEA
K]
  155 00000046                 EXPORT           EXTI0_IRQHandler           [WEA
K]
  156 00000046                 EXPORT           EXTI1_IRQHandler           [WEA
K]
  157 00000046                 EXPORT           EXTI2_IRQHandler           [WEA
K]
  158 00000046                 EXPORT           EXTI3_IRQHandler           [WEA
K]
  159 00000046                 EXPORT           EXTI4_IRQHandler           [WEA
K]
  160 00000046                 EXPORT           DMA1_Channel1_IRQHandler   [WEA
K]
  161 00000046                 EXPORT           DMA1_Channel2_IRQHandler   [WEA
K]



ARM Macro Assembler    Page 5 


  162 00000046                 EXPORT           DMA1_Channel3_IRQHandler   [WEA
K]
  163 00000046                 EXPORT           DMA1_Channel4_IRQHandler   [WEA
K]
  164 00000046                 EXPORT           DMA1_Channel5_IRQHandler   [WEA
K]
  165 00000046                 EXPORT           DMA1_Channel6_IRQHandler   [WEA
K]
  166 00000046                 EXPORT           DMA1_Channel7_IRQHandler   [WEA
K]
  167 00000046                 EXPORT           ADC1_2_IRQHandler          [WEA
K]
  168 00000046                 EXPORT           USB_HP_CAN1_TX_IRQHandler  [WEA
K]
  169 00000046                 EXPORT           USB_LP_CAN1_RX0_IRQHandler [WEA
K]
  170 00000046                 EXPORT           CAN1_RX1_IRQHandler        [WEA
K]
  171 00000046                 EXPORT           CAN1_SCE_IRQHandler        [WEA
K]
  172 00000046                 EXPORT           EXTI9_5_IRQHandler         [WEA
K]
  173 00000046                 EXPORT           TIM1_BRK_IRQHandler        [WEA
K]
  174 00000046                 EXPORT           TIM1_UP_IRQHandler         [WEA
K]
  175 00000046                 EXPORT           TIM1_TRG_COM_IRQHandler    [WEA
K]
  176 00000046                 EXPORT           TIM1_CC_IRQHandler         [WEA
K]
  177 00000046                 EXPORT           TIM2_IRQHandler            [WEA
K]
  178 00000046                 EXPORT           TIM3_IRQHandler            [WEA
K]
  179 00000046                 EXPORT           TIM4_IRQHandler            [WEA
K]
  180 00000046                 EXPORT           I2C1_EV_IRQHandler         [WEA
K]
  181 00000046                 EXPORT           I2C1_ER_IRQHandler         [WEA
K]
  182 00000046                 EXPORT           I2C2_EV_IRQHandler         [WEA
K]
  183 00000046                 EXPORT           I2C2_ER_IRQHandler         [WEA
K]
  184 00000046                 EXPORT           SPI1_IRQHandler            [WEA
K]
  185 00000046                 EXPORT           SPI2_IRQHandler            [WEA
K]
  186 00000046                 EXPORT           USART1_IRQHandler          [WEA
K]
  187 00000046                 EXPORT           USART2_IRQHandler          [WEA
K]
  188 00000046                 EXPORT           USART3_IRQHandler          [WEA
K]
  189 00000046                 EXPORT           EXTI15_10_IRQHandler       [WEA
K]
  190 00000046                 EXPORT           RTCAlarm_IRQHandler        [WEA
K]
  191 00000046                 EXPORT           USBWakeUp_IRQHandler       [WEA



ARM Macro Assembler    Page 6 


K]
  192 00000046         
  193 00000046         WWDG_IRQHandler
  194 00000046         PVD_IRQHandler
  195 00000046         TAMPER_IRQHandler
  196 00000046         RTC_IRQHandler
  197 00000046         FLASH_IRQHandler
  198 00000046         RCC_IRQHandler
  199 00000046         EXTI0_IRQHandler
  200 00000046         EXTI1_IRQHandler
  201 00000046         EXTI2_IRQHandler
  202 00000046         EXTI3_IRQHandler
  203 00000046         EXTI4_IRQHandler
  204 00000046         DMA1_Channel1_IRQHandler
  205 00000046         DMA1_Channel2_IRQHandler
  206 00000046         DMA1_Channel3_IRQHandler
  207 00000046         DMA1_Channel4_IRQHandler
  208 00000046         DMA1_Channel5_IRQHandler
  209 00000046         DMA1_Channel6_IRQHandler
  210 00000046         DMA1_Channel7_IRQHandler
  211 00000046         ADC1_2_IRQHandler
  212 00000046         USB_HP_CAN1_TX_IRQHandler
  213 00000046         USB_LP_CAN1_RX0_IRQHandler
  214 00000046         CAN1_RX1_IRQHandler
  215 00000046         CAN1_SCE_IRQHandler
  216 00000046         EXTI9_5_IRQHandler
  217 00000046         TIM1_BRK_IRQHandler
  218 00000046         TIM1_UP_IRQHandler
  219 00000046         TIM1_TRG_COM_IRQHandler
  220 00000046         TIM1_CC_IRQHandler
  221 00000046         TIM2_IRQHandler
  222 00000046         TIM3_IRQHandler
  223 00000046         TIM4_IRQHandler
  224 00000046         I2C1_EV_IRQHandler
  225 00000046         I2C1_ER_IRQHandler
  226 00000046         I2C2_EV_IRQHandler
  227 00000046         I2C2_ER_IRQHandler
  228 00000046         SPI1_IRQHandler
  229 00000046         SPI2_IRQHandler
  230 00000046         USART1_IRQHandler
  231 00000046         USART2_IRQHandler
  232 00000046         USART3_IRQHandler
  233 00000046         EXTI15_10_IRQHandler
  234 00000046         RTCAlarm_IRQHandler
  235 00000046         USBWakeUp_IRQHandler
  236 00000046         
  237 00000046 E7FE            B                .
  238 00000048         
  239 00000048                 ENDP
  240 00000048         
  241 00000048                 ALIGN
  242 00000048         
  243 00000048         ;*******************************************************
                       ************************
  244 00000048         ; User Stack and Heap initialization
  245 00000048         ;*******************************************************
                       ************************
  246 00000048                 IF               :DEF:__MICROLIB
  247 00000048         



ARM Macro Assembler    Page 7 


  248 00000048                 EXPORT           __initial_sp
  249 00000048                 EXPORT           __heap_base
  250 00000048                 EXPORT           __heap_limit
  251 00000048         
  252 00000048                 ELSE
  267                          ENDIF
  268 00000048         
  269 00000048                 END
              00000000 
              00000000 
Command Line: --debug --xref --cpu=Cortex-M3 --apcs=interwork --depend=.\obj\st
artup_stm32f10x_md.d -o.\obj\startup_stm32f10x_md.o -IC:\Keil_v5\ARM\RV31\INC -
IC:\Keil_v5\ARM\PACK\ARM\CMSIS\4.1.0\CMSIS\Include -IC:\Keil_v5\ARM\PACK\Keil\S
TM32F1xx_DFP\1.0.2\Device\Include --predefine="__EVAL SETA 1" --predefine="__MI
CROLIB SETA 1" --list=.\list\startup_stm32f10x_md.lst ..\..\..\Libraries\CMSIS\
Core\CM3\startup\arm\startup_stm32f10x_md.s



ARM Macro Assembler    Page 1 Alphabetic symbol ordering
Relocatable symbols

STACK 00000000

Symbol: STACK
   Definitions
      At line 34 in file ..\..\..\Libraries\CMSIS\Core\CM3\startup\arm\startup_
stm32f10x_md.s
   Uses
      None
Comment: STACK unused
Stack_Mem 00000000

Symbol: Stack_Mem
   Definitions
      At line 35 in file ..\..\..\Libraries\CMSIS\Core\CM3\startup\arm\startup_
stm32f10x_md.s
   Uses
      None
Comment: Stack_Mem unused
__initial_sp 00000200

Symbol: __initial_sp
   Definitions
      At line 36 in file ..\..\..\Libraries\CMSIS\Core\CM3\startup\arm\startup_
stm32f10x_md.s
   Uses
      At line 56 in file ..\..\..\Libraries\CMSIS\Core\CM3\startup\arm\startup_
stm32f10x_md.s
      At line 248 in file ..\..\..\Libraries\CMSIS\Core\CM3\startup\arm\startup
_stm32f10x_md.s

3 symbols



ARM Macro Assembler    Page 1 Alphabetic symbol ordering
Relocatable symbols

HEAP 00000000

Symbol: HEAP
   Definitions
      At line 45 in file ..\..\..\Libraries\CMSIS\Core\CM3\startup\arm\startup_
stm32f10x_md.s
   Uses
      None
Comment: HEAP unused
Heap_Mem 00000000

Symbol: Heap_Mem
   Definitions
      At line 47 in file ..\..\..\Libraries\CMSIS\Core\CM3\startup\arm\startup_
stm32f10x_md.s
   Uses
      None
Comment: Heap_Mem unused
__heap_base 00000000

Symbol: __heap_base
   Definitions
      At line 46 in file ..\..\..\Libraries\CMSIS\Core\CM3\startup\arm\startup_
stm32f10x_md.s
   Uses
      At line 249 in file ..\..\..\Libraries\CMSIS\Core\CM3\startup\arm\startup
_stm32f10x_md.s
Comment: __heap_base used once
__heap_limit 00000000

Symbol: __heap_limit
   Definitions
      At line 48 in file ..\..\..\Libraries\CMSIS\Core\CM3\startup\arm\startup_
stm32f10x_md.s
   Uses
      At line 250 in file ..\..\..\Libraries\CMSIS\Core\CM3\startup\arm\startup
_stm32f10x_md.s
Comment: __heap_limit used once
4 symbols



ARM Macro Assembler    Page 1 Alphabetic symbol ordering
Relocatable symbols

RESET 00000000

Symbol: RESET
   Definitions
      At line 55 in file ..\..\..\Libraries\CMSIS\Core\CM3\startup\arm\startup_
stm32f10x_md.s
   Uses
      None
Comment: RESET unused
__Vectors 00000000

Symbol: __Vectors
   Definitions
      At line 56 in file ..\..\..\Libraries\CMSIS\Core\CM3\startup\arm\startup_
stm32f10x_md.s
   Uses
      None
Comment: __Vectors unused
src 00000008

Symbol: src
   Definitions
      At line 58 in file ..\..\..\Libraries\CMSIS\Core\CM3\startup\arm\startup_
stm32f10x_md.s
   Uses
      At line 74 in file ..\..\..\Libraries\CMSIS\Core\CM3\startup\arm\startup_
stm32f10x_md.s
Comment: src used once
3 symbols



ARM Macro Assembler    Page 1 Alphabetic symbol ordering
Relocatable symbols

dst 00000000

Symbol: dst
   Definitions
      At line 63 in file ..\..\..\Libraries\CMSIS\Core\CM3\startup\arm\startup_
stm32f10x_md.s
   Uses
      At line 77 in file ..\..\..\Libraries\CMSIS\Core\CM3\startup\arm\startup_
stm32f10x_md.s
Comment: dst used once
mydata 00000000

Symbol: mydata
   Definitions
      At line 61 in file ..\..\..\Libraries\CMSIS\Core\CM3\startup\arm\startup_
stm32f10x_md.s
   Uses
      None
Comment: mydata unused
2 symbols



ARM Macro Assembler    Page 1 Alphabetic symbol ordering
Relocatable symbols

.text 00000000

Symbol: .text
   Definitions
      At line 65 in file ..\..\..\Libraries\CMSIS\Core\CM3\startup\arm\startup_
stm32f10x_md.s
   Uses
      None
Comment: .text unused
ADC1_2_IRQHandler 00000046

Symbol: ADC1_2_IRQHandler
   Definitions
      At line 211 in file ..\..\..\Libraries\CMSIS\Core\CM3\startup\arm\startup
_stm32f10x_md.s
   Uses
      At line 167 in file ..\..\..\Libraries\CMSIS\Core\CM3\startup\arm\startup
_stm32f10x_md.s
Comment: ADC1_2_IRQHandler used once
BusFault_Handler 0000003A

Symbol: BusFault_Handler
   Definitions
      At line 120 in file ..\..\..\Libraries\CMSIS\Core\CM3\startup\arm\startup
_stm32f10x_md.s
   Uses
      At line 121 in file ..\..\..\Libraries\CMSIS\Core\CM3\startup\arm\startup
_stm32f10x_md.s
Comment: BusFault_Handler used once
CAN1_RX1_IRQHandler 00000046

Symbol: CAN1_RX1_IRQHandler
   Definitions
      At line 214 in file ..\..\..\Libraries\CMSIS\Core\CM3\startup\arm\startup
_stm32f10x_md.s
   Uses
      At line 170 in file ..\..\..\Libraries\CMSIS\Core\CM3\startup\arm\startup
_stm32f10x_md.s
Comment: CAN1_RX1_IRQHandler used once
CAN1_SCE_IRQHandler 00000046

Symbol: CAN1_SCE_IRQHandler
   Definitions
      At line 215 in file ..\..\..\Libraries\CMSIS\Core\CM3\startup\arm\startup
_stm32f10x_md.s
   Uses
      At line 171 in file ..\..\..\Libraries\CMSIS\Core\CM3\startup\arm\startup
_stm32f10x_md.s
Comment: CAN1_SCE_IRQHandler used once
DMA1_Channel1_IRQHandler 00000046

Symbol: DMA1_Channel1_IRQHandler
   Definitions
      At line 204 in file ..\..\..\Libraries\CMSIS\Core\CM3\startup\arm\startup
_stm32f10x_md.s
   Uses
      At line 160 in file ..\..\..\Libraries\CMSIS\Core\CM3\startup\arm\startup
_stm32f10x_md.s
Comment: DMA1_Channel1_IRQHandler used once



ARM Macro Assembler    Page 2 Alphabetic symbol ordering
Relocatable symbols

DMA1_Channel2_IRQHandler 00000046

Symbol: DMA1_Channel2_IRQHandler
   Definitions
      At line 205 in file ..\..\..\Libraries\CMSIS\Core\CM3\startup\arm\startup
_stm32f10x_md.s
   Uses
      At line 161 in file ..\..\..\Libraries\CMSIS\Core\CM3\startup\arm\startup
_stm32f10x_md.s
Comment: DMA1_Channel2_IRQHandler used once
DMA1_Channel3_IRQHandler 00000046

Symbol: DMA1_Channel3_IRQHandler
   Definitions
      At line 206 in file ..\..\..\Libraries\CMSIS\Core\CM3\startup\arm\startup
_stm32f10x_md.s
   Uses
      At line 162 in file ..\..\..\Libraries\CMSIS\Core\CM3\startup\arm\startup
_stm32f10x_md.s
Comment: DMA1_Channel3_IRQHandler used once
DMA1_Channel4_IRQHandler 00000046

Symbol: DMA1_Channel4_IRQHandler
   Definitions
      At line 207 in file ..\..\..\Libraries\CMSIS\Core\CM3\startup\arm\startup
_stm32f10x_md.s
   Uses
      At line 163 in file ..\..\..\Libraries\CMSIS\Core\CM3\startup\arm\startup
_stm32f10x_md.s
Comment: DMA1_Channel4_IRQHandler used once
DMA1_Channel5_IRQHandler 00000046

Symbol: DMA1_Channel5_IRQHandler
   Definitions
      At line 208 in file ..\..\..\Libraries\CMSIS\Core\CM3\startup\arm\startup
_stm32f10x_md.s
   Uses
      At line 164 in file ..\..\..\Libraries\CMSIS\Core\CM3\startup\arm\startup
_stm32f10x_md.s
Comment: DMA1_Channel5_IRQHandler used once
DMA1_Channel6_IRQHandler 00000046

Symbol: DMA1_Channel6_IRQHandler
   Definitions
      At line 209 in file ..\..\..\Libraries\CMSIS\Core\CM3\startup\arm\startup
_stm32f10x_md.s
   Uses
      At line 165 in file ..\..\..\Libraries\CMSIS\Core\CM3\startup\arm\startup
_stm32f10x_md.s
Comment: DMA1_Channel6_IRQHandler used once
DMA1_Channel7_IRQHandler 00000046

Symbol: DMA1_Channel7_IRQHandler
   Definitions
      At line 210 in file ..\..\..\Libraries\CMSIS\Core\CM3\startup\arm\startup
_stm32f10x_md.s
   Uses
      At line 166 in file ..\..\..\Libraries\CMSIS\Core\CM3\startup\arm\startup
_stm32f10x_md.s



ARM Macro Assembler    Page 3 Alphabetic symbol ordering
Relocatable symbols

Comment: DMA1_Channel7_IRQHandler used once
DebugMon_Handler 00000040

Symbol: DebugMon_Handler
   Definitions
      At line 134 in file ..\..\..\Libraries\CMSIS\Core\CM3\startup\arm\startup
_stm32f10x_md.s
   Uses
      At line 135 in file ..\..\..\Libraries\CMSIS\Core\CM3\startup\arm\startup
_stm32f10x_md.s
Comment: DebugMon_Handler used once
Default_Handler 00000046

Symbol: Default_Handler
   Definitions
      At line 147 in file ..\..\..\Libraries\CMSIS\Core\CM3\startup\arm\startup
_stm32f10x_md.s
   Uses
      None
Comment: Default_Handler unused
EXTI0_IRQHandler 00000046

Symbol: EXTI0_IRQHandler
   Definitions
      At line 199 in file ..\..\..\Libraries\CMSIS\Core\CM3\startup\arm\startup
_stm32f10x_md.s
   Uses
      At line 155 in file ..\..\..\Libraries\CMSIS\Core\CM3\startup\arm\startup
_stm32f10x_md.s
Comment: EXTI0_IRQHandler used once
EXTI15_10_IRQHandler 00000046

Symbol: EXTI15_10_IRQHandler
   Definitions
      At line 233 in file ..\..\..\Libraries\CMSIS\Core\CM3\startup\arm\startup
_stm32f10x_md.s
   Uses
      At line 189 in file ..\..\..\Libraries\CMSIS\Core\CM3\startup\arm\startup
_stm32f10x_md.s
Comment: EXTI15_10_IRQHandler used once
EXTI1_IRQHandler 00000046

Symbol: EXTI1_IRQHandler
   Definitions
      At line 200 in file ..\..\..\Libraries\CMSIS\Core\CM3\startup\arm\startup
_stm32f10x_md.s
   Uses
      At line 156 in file ..\..\..\Libraries\CMSIS\Core\CM3\startup\arm\startup
_stm32f10x_md.s
Comment: EXTI1_IRQHandler used once
EXTI2_IRQHandler 00000046

Symbol: EXTI2_IRQHandler
   Definitions
      At line 201 in file ..\..\..\Libraries\CMSIS\Core\CM3\startup\arm\startup
_stm32f10x_md.s
   Uses
      At line 157 in file ..\..\..\Libraries\CMSIS\Core\CM3\startup\arm\startup
_stm32f10x_md.s



ARM Macro Assembler    Page 4 Alphabetic symbol ordering
Relocatable symbols

Comment: EXTI2_IRQHandler used once
EXTI3_IRQHandler 00000046

Symbol: EXTI3_IRQHandler
   Definitions
      At line 202 in file ..\..\..\Libraries\CMSIS\Core\CM3\startup\arm\startup
_stm32f10x_md.s
   Uses
      At line 158 in file ..\..\..\Libraries\CMSIS\Core\CM3\startup\arm\startup
_stm32f10x_md.s
Comment: EXTI3_IRQHandler used once
EXTI4_IRQHandler 00000046

Symbol: EXTI4_IRQHandler
   Definitions
      At line 203 in file ..\..\..\Libraries\CMSIS\Core\CM3\startup\arm\startup
_stm32f10x_md.s
   Uses
      At line 159 in file ..\..\..\Libraries\CMSIS\Core\CM3\startup\arm\startup
_stm32f10x_md.s
Comment: EXTI4_IRQHandler used once
EXTI9_5_IRQHandler 00000046

Symbol: EXTI9_5_IRQHandler
   Definitions
      At line 216 in file ..\..\..\Libraries\CMSIS\Core\CM3\startup\arm\startup
_stm32f10x_md.s
   Uses
      At line 172 in file ..\..\..\Libraries\CMSIS\Core\CM3\startup\arm\startup
_stm32f10x_md.s
Comment: EXTI9_5_IRQHandler used once
FLASH_IRQHandler 00000046

Symbol: FLASH_IRQHandler
   Definitions
      At line 197 in file ..\..\..\Libraries\CMSIS\Core\CM3\startup\arm\startup
_stm32f10x_md.s
   Uses
      At line 153 in file ..\..\..\Libraries\CMSIS\Core\CM3\startup\arm\startup
_stm32f10x_md.s
Comment: FLASH_IRQHandler used once
HardFault_Handler 00000036

Symbol: HardFault_Handler
   Definitions
      At line 110 in file ..\..\..\Libraries\CMSIS\Core\CM3\startup\arm\startup
_stm32f10x_md.s
   Uses
      At line 111 in file ..\..\..\Libraries\CMSIS\Core\CM3\startup\arm\startup
_stm32f10x_md.s
Comment: HardFault_Handler used once
I2C1_ER_IRQHandler 00000046

Symbol: I2C1_ER_IRQHandler
   Definitions
      At line 225 in file ..\..\..\Libraries\CMSIS\Core\CM3\startup\arm\startup
_stm32f10x_md.s
   Uses
      At line 181 in file ..\..\..\Libraries\CMSIS\Core\CM3\startup\arm\startup



ARM Macro Assembler    Page 5 Alphabetic symbol ordering
Relocatable symbols

_stm32f10x_md.s
Comment: I2C1_ER_IRQHandler used once
I2C1_EV_IRQHandler 00000046

Symbol: I2C1_EV_IRQHandler
   Definitions
      At line 224 in file ..\..\..\Libraries\CMSIS\Core\CM3\startup\arm\startup
_stm32f10x_md.s
   Uses
      At line 180 in file ..\..\..\Libraries\CMSIS\Core\CM3\startup\arm\startup
_stm32f10x_md.s
Comment: I2C1_EV_IRQHandler used once
I2C2_ER_IRQHandler 00000046

Symbol: I2C2_ER_IRQHandler
   Definitions
      At line 227 in file ..\..\..\Libraries\CMSIS\Core\CM3\startup\arm\startup
_stm32f10x_md.s
   Uses
      At line 183 in file ..\..\..\Libraries\CMSIS\Core\CM3\startup\arm\startup
_stm32f10x_md.s
Comment: I2C2_ER_IRQHandler used once
I2C2_EV_IRQHandler 00000046

Symbol: I2C2_EV_IRQHandler
   Definitions
      At line 226 in file ..\..\..\Libraries\CMSIS\Core\CM3\startup\arm\startup
_stm32f10x_md.s
   Uses
      At line 182 in file ..\..\..\Libraries\CMSIS\Core\CM3\startup\arm\startup
_stm32f10x_md.s
Comment: I2C2_EV_IRQHandler used once
LOOP 0000000C

Symbol: LOOP
   Definitions
      At line 83 in file ..\..\..\Libraries\CMSIS\Core\CM3\startup\arm\startup_
stm32f10x_md.s
   Uses
      At line 87 in file ..\..\..\Libraries\CMSIS\Core\CM3\startup\arm\startup_
stm32f10x_md.s
      At line 96 in file ..\..\..\Libraries\CMSIS\Core\CM3\startup\arm\startup_
stm32f10x_md.s
      At line 99 in file ..\..\..\Libraries\CMSIS\Core\CM3\startup\arm\startup_
stm32f10x_md.s

MemManage_Handler 00000038

Symbol: MemManage_Handler
   Definitions
      At line 115 in file ..\..\..\Libraries\CMSIS\Core\CM3\startup\arm\startup
_stm32f10x_md.s
   Uses
      At line 116 in file ..\..\..\Libraries\CMSIS\Core\CM3\startup\arm\startup
_stm32f10x_md.s
Comment: MemManage_Handler used once
NMI_Handler 00000034

Symbol: NMI_Handler



ARM Macro Assembler    Page 6 Alphabetic symbol ordering
Relocatable symbols

   Definitions
      At line 105 in file ..\..\..\Libraries\CMSIS\Core\CM3\startup\arm\startup
_stm32f10x_md.s
   Uses
      At line 106 in file ..\..\..\Libraries\CMSIS\Core\CM3\startup\arm\startup
_stm32f10x_md.s
Comment: NMI_Handler used once
PVD_IRQHandler 00000046

Symbol: PVD_IRQHandler
   Definitions
      At line 194 in file ..\..\..\Libraries\CMSIS\Core\CM3\startup\arm\startup
_stm32f10x_md.s
   Uses
      At line 150 in file ..\..\..\Libraries\CMSIS\Core\CM3\startup\arm\startup
_stm32f10x_md.s
Comment: PVD_IRQHandler used once
PendSV_Handler 00000042

Symbol: PendSV_Handler
   Definitions
      At line 138 in file ..\..\..\Libraries\CMSIS\Core\CM3\startup\arm\startup
_stm32f10x_md.s
   Uses
      At line 139 in file ..\..\..\Libraries\CMSIS\Core\CM3\startup\arm\startup
_stm32f10x_md.s
Comment: PendSV_Handler used once
RCC_IRQHandler 00000046

Symbol: RCC_IRQHandler
   Definitions
      At line 198 in file ..\..\..\Libraries\CMSIS\Core\CM3\startup\arm\startup
_stm32f10x_md.s
   Uses
      At line 154 in file ..\..\..\Libraries\CMSIS\Core\CM3\startup\arm\startup
_stm32f10x_md.s
Comment: RCC_IRQHandler used once
RTCAlarm_IRQHandler 00000046

Symbol: RTCAlarm_IRQHandler
   Definitions
      At line 234 in file ..\..\..\Libraries\CMSIS\Core\CM3\startup\arm\startup
_stm32f10x_md.s
   Uses
      At line 190 in file ..\..\..\Libraries\CMSIS\Core\CM3\startup\arm\startup
_stm32f10x_md.s
Comment: RTCAlarm_IRQHandler used once
RTC_IRQHandler 00000046

Symbol: RTC_IRQHandler
   Definitions
      At line 196 in file ..\..\..\Libraries\CMSIS\Core\CM3\startup\arm\startup
_stm32f10x_md.s
   Uses
      At line 152 in file ..\..\..\Libraries\CMSIS\Core\CM3\startup\arm\startup
_stm32f10x_md.s
Comment: RTC_IRQHandler used once
Reset_Handler 00000000




ARM Macro Assembler    Page 7 Alphabetic symbol ordering
Relocatable symbols

Symbol: Reset_Handler
   Definitions
      At line 68 in file ..\..\..\Libraries\CMSIS\Core\CM3\startup\arm\startup_
stm32f10x_md.s
   Uses
      At line 57 in file ..\..\..\Libraries\CMSIS\Core\CM3\startup\arm\startup_
stm32f10x_md.s
      At line 69 in file ..\..\..\Libraries\CMSIS\Core\CM3\startup\arm\startup_
stm32f10x_md.s

SPI1_IRQHandler 00000046

Symbol: SPI1_IRQHandler
   Definitions
      At line 228 in file ..\..\..\Libraries\CMSIS\Core\CM3\startup\arm\startup
_stm32f10x_md.s
   Uses
      At line 184 in file ..\..\..\Libraries\CMSIS\Core\CM3\startup\arm\startup
_stm32f10x_md.s
Comment: SPI1_IRQHandler used once
SPI2_IRQHandler 00000046

Symbol: SPI2_IRQHandler
   Definitions
      At line 229 in file ..\..\..\Libraries\CMSIS\Core\CM3\startup\arm\startup
_stm32f10x_md.s
   Uses
      At line 185 in file ..\..\..\Libraries\CMSIS\Core\CM3\startup\arm\startup
_stm32f10x_md.s
Comment: SPI2_IRQHandler used once
SVC_Handler 0000003E

Symbol: SVC_Handler
   Definitions
      At line 129 in file ..\..\..\Libraries\CMSIS\Core\CM3\startup\arm\startup
_stm32f10x_md.s
   Uses
      At line 130 in file ..\..\..\Libraries\CMSIS\Core\CM3\startup\arm\startup
_stm32f10x_md.s
Comment: SVC_Handler used once
SysTick_Handler 00000044

Symbol: SysTick_Handler
   Definitions
      At line 142 in file ..\..\..\Libraries\CMSIS\Core\CM3\startup\arm\startup
_stm32f10x_md.s
   Uses
      At line 143 in file ..\..\..\Libraries\CMSIS\Core\CM3\startup\arm\startup
_stm32f10x_md.s
Comment: SysTick_Handler used once
TAMPER_IRQHandler 00000046

Symbol: TAMPER_IRQHandler
   Definitions
      At line 195 in file ..\..\..\Libraries\CMSIS\Core\CM3\startup\arm\startup
_stm32f10x_md.s
   Uses
      At line 151 in file ..\..\..\Libraries\CMSIS\Core\CM3\startup\arm\startup
_stm32f10x_md.s



ARM Macro Assembler    Page 8 Alphabetic symbol ordering
Relocatable symbols

Comment: TAMPER_IRQHandler used once
TIM1_BRK_IRQHandler 00000046

Symbol: TIM1_BRK_IRQHandler
   Definitions
      At line 217 in file ..\..\..\Libraries\CMSIS\Core\CM3\startup\arm\startup
_stm32f10x_md.s
   Uses
      At line 173 in file ..\..\..\Libraries\CMSIS\Core\CM3\startup\arm\startup
_stm32f10x_md.s
Comment: TIM1_BRK_IRQHandler used once
TIM1_CC_IRQHandler 00000046

Symbol: TIM1_CC_IRQHandler
   Definitions
      At line 220 in file ..\..\..\Libraries\CMSIS\Core\CM3\startup\arm\startup
_stm32f10x_md.s
   Uses
      At line 176 in file ..\..\..\Libraries\CMSIS\Core\CM3\startup\arm\startup
_stm32f10x_md.s
Comment: TIM1_CC_IRQHandler used once
TIM1_TRG_COM_IRQHandler 00000046

Symbol: TIM1_TRG_COM_IRQHandler
   Definitions
      At line 219 in file ..\..\..\Libraries\CMSIS\Core\CM3\startup\arm\startup
_stm32f10x_md.s
   Uses
      At line 175 in file ..\..\..\Libraries\CMSIS\Core\CM3\startup\arm\startup
_stm32f10x_md.s
Comment: TIM1_TRG_COM_IRQHandler used once
TIM1_UP_IRQHandler 00000046

Symbol: TIM1_UP_IRQHandler
   Definitions
      At line 218 in file ..\..\..\Libraries\CMSIS\Core\CM3\startup\arm\startup
_stm32f10x_md.s
   Uses
      At line 174 in file ..\..\..\Libraries\CMSIS\Core\CM3\startup\arm\startup
_stm32f10x_md.s
Comment: TIM1_UP_IRQHandler used once
TIM2_IRQHandler 00000046

Symbol: TIM2_IRQHandler
   Definitions
      At line 221 in file ..\..\..\Libraries\CMSIS\Core\CM3\startup\arm\startup
_stm32f10x_md.s
   Uses
      At line 177 in file ..\..\..\Libraries\CMSIS\Core\CM3\startup\arm\startup
_stm32f10x_md.s
Comment: TIM2_IRQHandler used once
TIM3_IRQHandler 00000046

Symbol: TIM3_IRQHandler
   Definitions
      At line 222 in file ..\..\..\Libraries\CMSIS\Core\CM3\startup\arm\startup
_stm32f10x_md.s
   Uses
      At line 178 in file ..\..\..\Libraries\CMSIS\Core\CM3\startup\arm\startup



ARM Macro Assembler    Page 9 Alphabetic symbol ordering
Relocatable symbols

_stm32f10x_md.s
Comment: TIM3_IRQHandler used once
TIM4_IRQHandler 00000046

Symbol: TIM4_IRQHandler
   Definitions
      At line 223 in file ..\..\..\Libraries\CMSIS\Core\CM3\startup\arm\startup
_stm32f10x_md.s
   Uses
      At line 179 in file ..\..\..\Libraries\CMSIS\Core\CM3\startup\arm\startup
_stm32f10x_md.s
Comment: TIM4_IRQHandler used once
USART1_IRQHandler 00000046

Symbol: USART1_IRQHandler
   Definitions
      At line 230 in file ..\..\..\Libraries\CMSIS\Core\CM3\startup\arm\startup
_stm32f10x_md.s
   Uses
      At line 186 in file ..\..\..\Libraries\CMSIS\Core\CM3\startup\arm\startup
_stm32f10x_md.s
Comment: USART1_IRQHandler used once
USART2_IRQHandler 00000046

Symbol: USART2_IRQHandler
   Definitions
      At line 231 in file ..\..\..\Libraries\CMSIS\Core\CM3\startup\arm\startup
_stm32f10x_md.s
   Uses
      At line 187 in file ..\..\..\Libraries\CMSIS\Core\CM3\startup\arm\startup
_stm32f10x_md.s
Comment: USART2_IRQHandler used once
USART3_IRQHandler 00000046

Symbol: USART3_IRQHandler
   Definitions
      At line 232 in file ..\..\..\Libraries\CMSIS\Core\CM3\startup\arm\startup
_stm32f10x_md.s
   Uses
      At line 188 in file ..\..\..\Libraries\CMSIS\Core\CM3\startup\arm\startup
_stm32f10x_md.s
Comment: USART3_IRQHandler used once
USBWakeUp_IRQHandler 00000046

Symbol: USBWakeUp_IRQHandler
   Definitions
      At line 235 in file ..\..\..\Libraries\CMSIS\Core\CM3\startup\arm\startup
_stm32f10x_md.s
   Uses
      At line 191 in file ..\..\..\Libraries\CMSIS\Core\CM3\startup\arm\startup
_stm32f10x_md.s
Comment: USBWakeUp_IRQHandler used once
USB_HP_CAN1_TX_IRQHandler 00000046

Symbol: USB_HP_CAN1_TX_IRQHandler
   Definitions
      At line 212 in file ..\..\..\Libraries\CMSIS\Core\CM3\startup\arm\startup
_stm32f10x_md.s
   Uses



ARM Macro Assembler    Page 10 Alphabetic symbol ordering
Relocatable symbols

      At line 168 in file ..\..\..\Libraries\CMSIS\Core\CM3\startup\arm\startup
_stm32f10x_md.s
Comment: USB_HP_CAN1_TX_IRQHandler used once
USB_LP_CAN1_RX0_IRQHandler 00000046

Symbol: USB_LP_CAN1_RX0_IRQHandler
   Definitions
      At line 213 in file ..\..\..\Libraries\CMSIS\Core\CM3\startup\arm\startup
_stm32f10x_md.s
   Uses
      At line 169 in file ..\..\..\Libraries\CMSIS\Core\CM3\startup\arm\startup
_stm32f10x_md.s
Comment: USB_LP_CAN1_RX0_IRQHandler used once
UsageFault_Handler 0000003C

Symbol: UsageFault_Handler
   Definitions
      At line 125 in file ..\..\..\Libraries\CMSIS\Core\CM3\startup\arm\startup
_stm32f10x_md.s
   Uses
      At line 126 in file ..\..\..\Libraries\CMSIS\Core\CM3\startup\arm\startup
_stm32f10x_md.s
Comment: UsageFault_Handler used once
WWDG_IRQHandler 00000046

Symbol: WWDG_IRQHandler
   Definitions
      At line 193 in file ..\..\..\Libraries\CMSIS\Core\CM3\startup\arm\startup
_stm32f10x_md.s
   Uses
      At line 149 in file ..\..\..\Libraries\CMSIS\Core\CM3\startup\arm\startup
_stm32f10x_md.s
Comment: WWDG_IRQHandler used once
56 symbols



ARM Macro Assembler    Page 1 Alphabetic symbol ordering
Absolute symbols

Heap_Size 00000000

Symbol: Heap_Size
   Definitions
      At line 43 in file ..\..\..\Libraries\CMSIS\Core\CM3\startup\arm\startup_
stm32f10x_md.s
   Uses
      At line 47 in file ..\..\..\Libraries\CMSIS\Core\CM3\startup\arm\startup_
stm32f10x_md.s
Comment: Heap_Size used once
Stack_Size 00000200

Symbol: Stack_Size
   Definitions
      At line 32 in file ..\..\..\Libraries\CMSIS\Core\CM3\startup\arm\startup_
stm32f10x_md.s
   Uses
      At line 35 in file ..\..\..\Libraries\CMSIS\Core\CM3\startup\arm\startup_
stm32f10x_md.s
Comment: Stack_Size used once
2 symbols
404 symbols in table
